INFO  [2016-04-25 10:27:31,048] [main] [  ] org.eclipse.jetty.util.log: Logging initialized @1872ms
INFO  [2016-04-25 10:27:31,179] [main] [  ] com.hubspot.dropwizard.guice.AutoConfig: Added resource class: class com.yieldlabs.rtb.broker.controllers.BidRequestController
INFO  [2016-04-25 10:27:31,182] [main] [  ] io.dropwizard.server.ServerFactory: Starting BrokerApplication
INFO  [2016-04-25 10:27:31,196] [main] [  ] io.dropwizard.server.DefaultServerFactory: Registering jersey handler with root path prefix: /
INFO  [2016-04-25 10:27:31,217] [main] [  ] io.dropwizard.server.DefaultServerFactory: Registering admin handler with root path prefix: /
INFO  [2016-04-25 10:27:31,289] [main] [  ] org.eclipse.jetty.setuid.SetUIDListener: Opened application@5486887b{HTTP/1.1}{0.0.0.0:8080}
INFO  [2016-04-25 10:27:31,290] [main] [  ] org.eclipse.jetty.setuid.SetUIDListener: Opened admin@5226e402{HTTP/1.1}{0.0.0.0:10000}
INFO  [2016-04-25 10:27:31,293] [main] [  ] org.eclipse.jetty.server.Server: jetty-9.2.13.v20150730
INFO  [2016-04-25 10:27:31,834] [main] [  ] io.dropwizard.jersey.DropwizardResourceConfig: The following paths were found for the configured resources:

    GET     /{id} (com.yieldlabs.rtb.broker.controllers.BidRequestController)

INFO  [2016-04-25 10:27:31,840] [main] [  ] org.eclipse.jetty.server.handler.ContextHandler: Started i.d.j.MutableServletContextHandler@f679798{/,null,AVAILABLE}
INFO  [2016-04-25 10:27:31,853] [main] [  ] io.dropwizard.setup.AdminEnvironment: tasks = 

    POST    /tasks/log-level (io.dropwizard.servlets.tasks.LogConfigurationTask)
    POST    /tasks/gc (io.dropwizard.servlets.tasks.GarbageCollectionTask)

INFO  [2016-04-25 10:27:31,861] [main] [  ] org.eclipse.jetty.server.handler.ContextHandler: Started i.d.j.MutableServletContextHandler@20134094{/,null,AVAILABLE}
INFO  [2016-04-25 10:27:31,879] [main] [  ] org.eclipse.jetty.server.ServerConnector: Started application@5486887b{HTTP/1.1}{0.0.0.0:8080}
INFO  [2016-04-25 10:27:31,885] [main] [  ] org.eclipse.jetty.server.ServerConnector: Started admin@5226e402{HTTP/1.1}{0.0.0.0:10000}
INFO  [2016-04-25 10:27:31,886] [main] [  ] org.eclipse.jetty.server.Server: Started @2712ms
WARN  [2016-04-25 10:27:38,080] [rtb-executor-service] [  ] com.yieldlabs.rtb.broker.service.SimpleBidFetcher: Exception in fetching bid from http://localhost:8081
WARN  [2016-04-25 10:27:38,276] [rtb-executor-service] [  ] com.yieldlabs.rtb.broker.service.SimpleBidFetcher: Exception in fetching bid from http://localhost:8082
WARN  [2016-04-25 10:27:38,430] [rtb-executor-service] [  ] com.yieldlabs.rtb.broker.service.SimpleBidFetcher: Exception in fetching bid from http://localhost:8083
ERROR [2016-04-25 10:27:38,452] [dw-20 - GET /1?a=5] [  ] io.dropwizard.jersey.errors.LoggingExceptionMapper: Error handling a request: 8867a8c67a40e0d0
! java.lang.IndexOutOfBoundsException: Index: 0, Size: 0
! at java.util.ArrayList.rangeCheck(ArrayList.java:653)
! at java.util.ArrayList.get(ArrayList.java:429)
! at com.yieldlabs.rtb.broker.service.HighestBidderResponseProcessor.getAuctionResult(HighestBidderResponseProcessor.java:19)
! at com.yieldlabs.rtb.broker.service.BiddingProcessor.fetchResponse(BiddingProcessor.java:26)
! at com.yieldlabs.rtb.broker.controllers.BidRequestController.getBids(BidRequestController.java:37)
! at sun.reflect.NativeMethodAccessorImpl.invoke0(Native Method)
! at sun.reflect.NativeMethodAccessorImpl.invoke(NativeMethodAccessorImpl.java:62)
! at sun.reflect.DelegatingMethodAccessorImpl.invoke(DelegatingMethodAccessorImpl.java:43)
! at java.lang.reflect.Method.invoke(Method.java:497)
! at org.glassfish.jersey.server.model.internal.ResourceMethodInvocationHandlerFactory$1.invoke(ResourceMethodInvocationHandlerFactory.java:81)
! at org.glassfish.jersey.server.model.internal.AbstractJavaResourceMethodDispatcher$1.run(AbstractJavaResourceMethodDispatcher.java:144)
! at org.glassfish.jersey.server.model.internal.AbstractJavaResourceMethodDispatcher.invoke(AbstractJavaResourceMethodDispatcher.java:161)
! at org.glassfish.jersey.server.model.internal.JavaResourceMethodDispatcherProvider$ResponseOutInvoker.doDispatch(JavaResourceMethodDispatcherProvider.java:160)
! at org.glassfish.jersey.server.model.internal.AbstractJavaResourceMethodDispatcher.dispatch(AbstractJavaResourceMethodDispatcher.java:99)
! at org.glassfish.jersey.server.model.ResourceMethodInvoker.invoke(ResourceMethodInvoker.java:389)
! at org.glassfish.jersey.server.model.ResourceMethodInvoker.apply(ResourceMethodInvoker.java:347)
! at org.glassfish.jersey.server.model.ResourceMethodInvoker.apply(ResourceMethodInvoker.java:102)
! at org.glassfish.jersey.server.ServerRuntime$2.run(ServerRuntime.java:326)
! at org.glassfish.jersey.internal.Errors$1.call(Errors.java:271)
! at org.glassfish.jersey.internal.Errors$1.call(Errors.java:267)
! at org.glassfish.jersey.internal.Errors.process(Errors.java:315)
! at org.glassfish.jersey.internal.Errors.process(Errors.java:297)
! at org.glassfish.jersey.internal.Errors.process(Errors.java:267)
! at org.glassfish.jersey.process.internal.RequestScope.runInScope(RequestScope.java:317)
! at org.glassfish.jersey.server.ServerRuntime.process(ServerRuntime.java:305)
! at org.glassfish.jersey.server.ApplicationHandler.handle(ApplicationHandler.java:1154)
! at org.glassfish.jersey.servlet.WebComponent.serviceImpl(WebComponent.java:471)
! at org.glassfish.jersey.servlet.WebComponent.service(WebComponent.java:425)
! at org.glassfish.jersey.servlet.ServletContainer.service(ServletContainer.java:383)
! at org.glassfish.jersey.servlet.ServletContainer.service(ServletContainer.java:336)
! at org.glassfish.jersey.servlet.ServletContainer.service(ServletContainer.java:223)
! at io.dropwizard.jetty.NonblockingServletHolder.handle(NonblockingServletHolder.java:49)
! at org.eclipse.jetty.servlet.ServletHandler$CachedChain.doFilter(ServletHandler.java:1669)
! at org.eclipse.jetty.servlets.UserAgentFilter.doFilter(UserAgentFilter.java:83)
! at org.eclipse.jetty.servlets.GzipFilter.doFilter(GzipFilter.java:364)
! at io.dropwizard.jetty.BiDiGzipFilter.doFilter(BiDiGzipFilter.java:132)
! at org.eclipse.jetty.servlet.ServletHandler$CachedChain.doFilter(ServletHandler.java:1652)
! at io.dropwizard.servlets.ThreadNameFilter.doFilter(ThreadNameFilter.java:29)
! at org.eclipse.jetty.servlet.ServletHandler$CachedChain.doFilter(ServletHandler.java:1652)
! at io.dropwizard.jersey.filter.AllowedMethodsFilter.handle(AllowedMethodsFilter.java:43)
! at io.dropwizard.jersey.filter.AllowedMethodsFilter.doFilter(AllowedMethodsFilter.java:38)
! at org.eclipse.jetty.servlet.ServletHandler$CachedChain.doFilter(ServletHandler.java:1652)
! at com.google.inject.servlet.FilterChainInvocation.doFilter(FilterChainInvocation.java:89)
! at com.google.inject.servlet.ManagedFilterPipeline.dispatch(ManagedFilterPipeline.java:119)
! at com.google.inject.servlet.GuiceFilter$1.call(GuiceFilter.java:133)
! at com.google.inject.servlet.GuiceFilter$1.call(GuiceFilter.java:130)
! at com.google.inject.servlet.GuiceFilter$Context.call(GuiceFilter.java:203)
! at com.google.inject.servlet.GuiceFilter.doFilter(GuiceFilter.java:130)
! at org.eclipse.jetty.servlet.ServletHandler$CachedChain.doFilter(ServletHandler.java:1652)
! at org.eclipse.jetty.servlet.ServletHandler.doHandle(ServletHandler.java:585)
! at org.eclipse.jetty.server.handler.ContextHandler.doHandle(ContextHandler.java:1127)
! at org.eclipse.jetty.servlet.ServletHandler.doScope(ServletHandler.java:515)
! at org.eclipse.jetty.server.handler.ContextHandler.doScope(ContextHandler.java:1061)
! at org.eclipse.jetty.server.handler.ScopedHandler.handle(ScopedHandler.java:141)
! at org.eclipse.jetty.server.handler.HandlerWrapper.handle(HandlerWrapper.java:97)
! at com.codahale.metrics.jetty9.InstrumentedHandler.handle(InstrumentedHandler.java:240)
! at io.dropwizard.jetty.RoutingHandler.handle(RoutingHandler.java:51)
! at org.eclipse.jetty.server.handler.HandlerWrapper.handle(HandlerWrapper.java:97)
! at org.eclipse.jetty.server.handler.RequestLogHandler.handle(RequestLogHandler.java:95)
! at org.eclipse.jetty.server.handler.HandlerWrapper.handle(HandlerWrapper.java:97)
! at org.eclipse.jetty.server.handler.StatisticsHandler.handle(StatisticsHandler.java:159)
! at org.eclipse.jetty.server.handler.HandlerWrapper.handle(HandlerWrapper.java:97)
! at org.eclipse.jetty.server.Server.handle(Server.java:499)
! at org.eclipse.jetty.server.HttpChannel.handle(HttpChannel.java:310)
! at org.eclipse.jetty.server.HttpConnection.onFillable(HttpConnection.java:257)
! at org.eclipse.jetty.io.AbstractConnection$2.run(AbstractConnection.java:540)
! at org.eclipse.jetty.util.thread.QueuedThreadPool.runJob(QueuedThreadPool.java:635)
! at org.eclipse.jetty.util.thread.QueuedThreadPool$3.run(QueuedThreadPool.java:555)
! at java.lang.Thread.run(Thread.java:745)
WARN  [2016-04-25 10:27:38,788] [rtb-executor-service] [  ] com.yieldlabs.rtb.broker.service.SimpleBidFetcher: Exception in fetching bid from http://localhost:8082
WARN  [2016-04-25 10:27:38,927] [rtb-executor-service] [  ] com.yieldlabs.rtb.broker.service.SimpleBidFetcher: Exception in fetching bid from http://localhost:8083
WARN  [2016-04-25 10:27:39,173] [rtb-executor-service] [  ] com.yieldlabs.rtb.broker.service.SimpleBidFetcher: Exception in fetching bid from http://localhost:8082
WARN  [2016-04-25 10:27:39,316] [rtb-executor-service] [  ] com.yieldlabs.rtb.broker.service.SimpleBidFetcher: Exception in fetching bid from http://localhost:8083
WARN  [2016-04-25 10:27:39,627] [rtb-executor-service] [  ] com.yieldlabs.rtb.broker.service.SimpleBidFetcher: Exception in fetching bid from http://localhost:8083
INFO  [2016-04-25 10:27:51,125] [Thread-13] [  ] org.eclipse.jetty.server.ServerConnector: Stopped application@5486887b{HTTP/1.1}{0.0.0.0:8080}
INFO  [2016-04-25 10:27:51,126] [Thread-13] [  ] org.eclipse.jetty.server.ServerConnector: Stopped admin@5226e402{HTTP/1.1}{0.0.0.0:10000}
INFO  [2016-04-25 10:27:51,127] [Thread-13] [  ] org.eclipse.jetty.server.handler.ContextHandler: Stopped i.d.j.MutableServletContextHandler@20134094{/,null,UNAVAILABLE}
INFO  [2016-04-25 10:27:51,128] [Thread-13] [  ] org.eclipse.jetty.server.handler.ContextHandler: Stopped i.d.j.MutableServletContextHandler@f679798{/,null,UNAVAILABLE}
INFO  [2016-04-25 10:28:25,875] [main] [  ] org.eclipse.jetty.util.log: Logging initialized @1872ms
INFO  [2016-04-25 10:28:25,968] [main] [  ] com.hubspot.dropwizard.guice.AutoConfig: Added resource class: class com.yieldlabs.rtb.broker.controllers.BidRequestController
INFO  [2016-04-25 10:28:25,971] [main] [  ] io.dropwizard.server.ServerFactory: Starting BrokerApplication
INFO  [2016-04-25 10:28:25,985] [main] [  ] io.dropwizard.server.DefaultServerFactory: Registering jersey handler with root path prefix: /
INFO  [2016-04-25 10:28:26,005] [main] [  ] io.dropwizard.server.DefaultServerFactory: Registering admin handler with root path prefix: /
INFO  [2016-04-25 10:28:26,082] [main] [  ] org.eclipse.jetty.setuid.SetUIDListener: Opened application@5486887b{HTTP/1.1}{0.0.0.0:8080}
INFO  [2016-04-25 10:28:26,084] [main] [  ] org.eclipse.jetty.setuid.SetUIDListener: Opened admin@5226e402{HTTP/1.1}{0.0.0.0:10000}
INFO  [2016-04-25 10:28:26,089] [main] [  ] org.eclipse.jetty.server.Server: jetty-9.2.13.v20150730
INFO  [2016-04-25 10:28:26,744] [main] [  ] io.dropwizard.jersey.DropwizardResourceConfig: The following paths were found for the configured resources:

    GET     /{id} (com.yieldlabs.rtb.broker.controllers.BidRequestController)

INFO  [2016-04-25 10:28:26,750] [main] [  ] org.eclipse.jetty.server.handler.ContextHandler: Started i.d.j.MutableServletContextHandler@f679798{/,null,AVAILABLE}
INFO  [2016-04-25 10:28:26,758] [main] [  ] io.dropwizard.setup.AdminEnvironment: tasks = 

    POST    /tasks/log-level (io.dropwizard.servlets.tasks.LogConfigurationTask)
    POST    /tasks/gc (io.dropwizard.servlets.tasks.GarbageCollectionTask)

INFO  [2016-04-25 10:28:26,767] [main] [  ] org.eclipse.jetty.server.handler.ContextHandler: Started i.d.j.MutableServletContextHandler@20134094{/,null,AVAILABLE}
INFO  [2016-04-25 10:28:26,783] [main] [  ] org.eclipse.jetty.server.ServerConnector: Started application@5486887b{HTTP/1.1}{0.0.0.0:8080}
INFO  [2016-04-25 10:28:26,786] [main] [  ] org.eclipse.jetty.server.ServerConnector: Started admin@5226e402{HTTP/1.1}{0.0.0.0:10000}
INFO  [2016-04-25 10:28:26,787] [main] [  ] org.eclipse.jetty.server.Server: Started @2785ms
INFO  [2016-04-25 10:28:38,639] [Thread-13] [  ] org.eclipse.jetty.server.ServerConnector: Stopped application@5486887b{HTTP/1.1}{0.0.0.0:8080}
INFO  [2016-04-25 10:28:38,639] [Thread-13] [  ] org.eclipse.jetty.server.ServerConnector: Stopped admin@5226e402{HTTP/1.1}{0.0.0.0:10000}
INFO  [2016-04-25 10:28:38,640] [Thread-13] [  ] org.eclipse.jetty.server.handler.ContextHandler: Stopped i.d.j.MutableServletContextHandler@20134094{/,null,UNAVAILABLE}
INFO  [2016-04-25 10:28:38,641] [Thread-13] [  ] org.eclipse.jetty.server.handler.ContextHandler: Stopped i.d.j.MutableServletContextHandler@f679798{/,null,UNAVAILABLE}
INFO  [2016-04-25 10:35:30,255] [main] [  ] org.eclipse.jetty.util.log: Logging initialized @2079ms
INFO  [2016-04-25 10:35:30,363] [main] [  ] com.hubspot.dropwizard.guice.AutoConfig: Added resource class: class com.yieldlabs.rtb.broker.controllers.BidRequestController
INFO  [2016-04-25 10:35:30,366] [main] [  ] io.dropwizard.server.ServerFactory: Starting BrokerApplication
INFO  [2016-04-25 10:35:30,377] [main] [  ] io.dropwizard.server.DefaultServerFactory: Registering jersey handler with root path prefix: /
INFO  [2016-04-25 10:35:30,399] [main] [  ] io.dropwizard.server.DefaultServerFactory: Registering admin handler with root path prefix: /
INFO  [2016-04-25 10:35:30,486] [main] [  ] org.eclipse.jetty.setuid.SetUIDListener: Opened application@5486887b{HTTP/1.1}{0.0.0.0:8080}
INFO  [2016-04-25 10:35:30,487] [main] [  ] org.eclipse.jetty.setuid.SetUIDListener: Opened admin@5226e402{HTTP/1.1}{0.0.0.0:10000}
INFO  [2016-04-25 10:35:30,491] [main] [  ] org.eclipse.jetty.server.Server: jetty-9.2.13.v20150730
INFO  [2016-04-25 10:35:31,133] [main] [  ] io.dropwizard.jersey.DropwizardResourceConfig: The following paths were found for the configured resources:

    GET     /{id} (com.yieldlabs.rtb.broker.controllers.BidRequestController)

INFO  [2016-04-25 10:35:31,138] [main] [  ] org.eclipse.jetty.server.handler.ContextHandler: Started i.d.j.MutableServletContextHandler@f679798{/,null,AVAILABLE}
INFO  [2016-04-25 10:35:31,144] [main] [  ] io.dropwizard.setup.AdminEnvironment: tasks = 

    POST    /tasks/log-level (io.dropwizard.servlets.tasks.LogConfigurationTask)
    POST    /tasks/gc (io.dropwizard.servlets.tasks.GarbageCollectionTask)

INFO  [2016-04-25 10:35:31,151] [main] [  ] org.eclipse.jetty.server.handler.ContextHandler: Started i.d.j.MutableServletContextHandler@20134094{/,null,AVAILABLE}
INFO  [2016-04-25 10:35:31,165] [main] [  ] org.eclipse.jetty.server.ServerConnector: Started application@5486887b{HTTP/1.1}{0.0.0.0:8080}
INFO  [2016-04-25 10:35:31,167] [main] [  ] org.eclipse.jetty.server.ServerConnector: Started admin@5226e402{HTTP/1.1}{0.0.0.0:10000}
INFO  [2016-04-25 10:35:31,167] [main] [  ] org.eclipse.jetty.server.Server: Started @2992ms
INFO  [2016-04-25 10:35:59,081] [Thread-13] [  ] org.eclipse.jetty.server.ServerConnector: Stopped application@5486887b{HTTP/1.1}{0.0.0.0:8080}
INFO  [2016-04-25 10:35:59,092] [Thread-13] [  ] org.eclipse.jetty.server.ServerConnector: Stopped admin@5226e402{HTTP/1.1}{0.0.0.0:10000}
INFO  [2016-04-25 10:35:59,095] [Thread-13] [  ] org.eclipse.jetty.server.handler.ContextHandler: Stopped i.d.j.MutableServletContextHandler@20134094{/,null,UNAVAILABLE}
INFO  [2016-04-25 10:35:59,097] [Thread-13] [  ] org.eclipse.jetty.server.handler.ContextHandler: Stopped i.d.j.MutableServletContextHandler@f679798{/,null,UNAVAILABLE}
