0:0:0:0:0:0:0:1 - - [25/Apr/2016:10:27:37 +0530] "GET /1?a=5 HTTP/1.1" 500 110 "-" "curl/7.43.0" 736
0:0:0:0:0:0:0:1 - - [25/Apr/2016:10:27:38 +0530] "GET /2?c=5&b=2 HTTP/1.1" 200 5 "-" "curl/7.43.0" 404
0:0:0:0:0:0:0:1 - - [25/Apr/2016:10:27:38 +0530] "GET /3?b=5&c=10 HTTP/1.1" 200 5 "-" "curl/7.43.0" 380
0:0:0:0:0:0:0:1 - - [25/Apr/2016:10:27:39 +0530] "GET /4?a=5&b=3 HTTP/1.1" 200 5 "-" "curl/7.43.0" 289
0:0:0:0:0:0:0:1 - - [25/Apr/2016:10:27:39 +0530] "GET /5?b=5 HTTP/1.1" 200 6 "-" "curl/7.43.0" 256
0:0:0:0:0:0:0:1 - - [25/Apr/2016:10:27:39 +0530] "GET /6?c=5&f=4 HTTP/1.1" 200 6 "-" "curl/7.43.0" 219
0:0:0:0:0:0:0:1 - - [25/Apr/2016:10:27:40 +0530] "GET /7?a=5&c=12 HTTP/1.1" 200 6 "-" "curl/7.43.0" 167
0:0:0:0:0:0:0:1 - - [25/Apr/2016:10:27:40 +0530] "GET /8?c=2&b=4 HTTP/1.1" 200 6 "-" "curl/7.43.0" 166
0:0:0:0:0:0:0:1 - - [25/Apr/2016:10:27:40 +0530] "GET /9?a=5 HTTP/1.1" 200 5 "-" "curl/7.43.0" 155
0:0:0:0:0:0:0:1 - - [25/Apr/2016:10:27:40 +0530] "GET /10?a=1&b=0 HTTP/1.1" 200 5 "-" "curl/7.43.0" 141
0:0:0:0:0:0:0:1 - - [25/Apr/2016:10:27:40 +0530] "GET /11?a=1&c=2 HTTP/1.1" 200 6 "-" "curl/7.43.0" 113
0:0:0:0:0:0:0:1 - - [25/Apr/2016:10:28:31 +0530] "GET /1?a=5 HTTP/1.1" 200 5 "-" "curl/7.43.0" 412
0:0:0:0:0:0:0:1 - - [25/Apr/2016:10:28:31 +0530] "GET /2?c=5&b=2 HTTP/1.1" 200 6 "-" "curl/7.43.0" 124
0:0:0:0:0:0:0:1 - - [25/Apr/2016:10:28:31 +0530] "GET /3?b=5&c=10 HTTP/1.1" 200 6 "-" "curl/7.43.0" 131
0:0:0:0:0:0:0:1 - - [25/Apr/2016:10:28:31 +0530] "GET /4?a=5&b=3 HTTP/1.1" 200 5 "-" "curl/7.43.0" 119
0:0:0:0:0:0:0:1 - - [25/Apr/2016:10:28:31 +0530] "GET /5?b=5 HTTP/1.1" 200 6 "-" "curl/7.43.0" 145
0:0:0:0:0:0:0:1 - - [25/Apr/2016:10:28:32 +0530] "GET /6?c=5&f=4 HTTP/1.1" 200 6 "-" "curl/7.43.0" 104
0:0:0:0:0:0:0:1 - - [25/Apr/2016:10:28:32 +0530] "GET /7?a=5&c=12 HTTP/1.1" 200 6 "-" "curl/7.43.0" 182
0:0:0:0:0:0:0:1 - - [25/Apr/2016:10:28:32 +0530] "GET /8?c=2&b=4 HTTP/1.1" 200 6 "-" "curl/7.43.0" 120
0:0:0:0:0:0:0:1 - - [25/Apr/2016:10:28:32 +0530] "GET /9?a=5 HTTP/1.1" 200 5 "-" "curl/7.43.0" 110
0:0:0:0:0:0:0:1 - - [25/Apr/2016:10:28:32 +0530] "GET /10?a=1&b=0 HTTP/1.1" 200 5 "-" "curl/7.43.0" 101
0:0:0:0:0:0:0:1 - - [25/Apr/2016:10:28:32 +0530] "GET /11?a=1&c=2 HTTP/1.1" 200 6 "-" "curl/7.43.0" 107
0:0:0:0:0:0:0:1 - - [25/Apr/2016:10:35:35 +0530] "GET /1?a=5 HTTP/1.1" 200 5 "-" "curl/7.43.0" 340
0:0:0:0:0:0:0:1 - - [25/Apr/2016:10:35:35 +0530] "GET /2?c=5&b=2 HTTP/1.1" 200 6 "-" "curl/7.43.0" 120
0:0:0:0:0:0:0:1 - - [25/Apr/2016:10:35:35 +0530] "GET /3?b=5&c=10 HTTP/1.1" 200 6 "-" "curl/7.43.0" 115
0:0:0:0:0:0:0:1 - - [25/Apr/2016:10:35:36 +0530] "GET /4?a=5&b=3 HTTP/1.1" 200 5 "-" "curl/7.43.0" 130
0:0:0:0:0:0:0:1 - - [25/Apr/2016:10:35:36 +0530] "GET /5?b=5 HTTP/1.1" 200 6 "-" "curl/7.43.0" 183
0:0:0:0:0:0:0:1 - - [25/Apr/2016:10:35:36 +0530] "GET /6?c=5&f=4 HTTP/1.1" 200 6 "-" "curl/7.43.0" 137
0:0:0:0:0:0:0:1 - - [25/Apr/2016:10:35:36 +0530] "GET /7?a=5&c=12 HTTP/1.1" 200 6 "-" "curl/7.43.0" 216
0:0:0:0:0:0:0:1 - - [25/Apr/2016:10:35:36 +0530] "GET /8?c=2&b=4 HTTP/1.1" 200 6 "-" "curl/7.43.0" 110
0:0:0:0:0:0:0:1 - - [25/Apr/2016:10:35:36 +0530] "GET /9?a=5 HTTP/1.1" 200 5 "-" "curl/7.43.0" 102
0:0:0:0:0:0:0:1 - - [25/Apr/2016:10:35:37 +0530] "GET /10?a=1&b=0 HTTP/1.1" 200 5 "-" "curl/7.43.0" 98
0:0:0:0:0:0:0:1 - - [25/Apr/2016:10:35:37 +0530] "GET /11?a=1&c=2 HTTP/1.1" 200 6 "-" "curl/7.43.0" 97
